C:\Users\WELCME\source\repos\TakForceInOperation\TakForceInOperation\dist\out-tsc\src\app\app.component.js
C:\Users\WELCME\source\repos\TakForceInOperation\TakForceInOperation\dist\out-tsc\src\app\app.component.js.map
C:\Users\WELCME\source\repos\TakForceInOperation\TakForceInOperation\dist\out-tsc\src\app\dashboard\dashboard.component.js
C:\Users\WELCME\source\repos\TakForceInOperation\TakForceInOperation\dist\out-tsc\src\app\dashboard\dashboard.component.js.map
C:\Users\WELCME\source\repos\TakForceInOperation\TakForceInOperation\dist\out-tsc\src\app\about\about.component.js
C:\Users\WELCME\source\repos\TakForceInOperation\TakForceInOperation\dist\out-tsc\src\app\about\about.component.js.map
C:\Users\WELCME\source\repos\TakForceInOperation\TakForceInOperation\dist\out-tsc\src\app\contact\contact.component.js
C:\Users\WELCME\source\repos\TakForceInOperation\TakForceInOperation\dist\out-tsc\src\app\contact\contact.component.js.map
C:\Users\WELCME\source\repos\TakForceInOperation\TakForceInOperation\dist\out-tsc\src\app\routeconfig\routeconfig.module.js
C:\Users\WELCME\source\repos\TakForceInOperation\TakForceInOperation\dist\out-tsc\src\app\routeconfig\routeconfig.module.js.map
C:\Users\WELCME\source\repos\TakForceInOperation\TakForceInOperation\dist\out-tsc\src\app\app.module.js
C:\Users\WELCME\source\repos\TakForceInOperation\TakForceInOperation\dist\out-tsc\src\app\app.module.js.map
C:\Users\WELCME\source\repos\TakForceInOperation\TakForceInOperation\dist\out-tsc\src\environments\environment.js
C:\Users\WELCME\source\repos\TakForceInOperation\TakForceInOperation\dist\out-tsc\src\environments\environment.js.map
C:\Users\WELCME\source\repos\TakForceInOperation\TakForceInOperation\dist\out-tsc\src\main.js
C:\Users\WELCME\source\repos\TakForceInOperation\TakForceInOperation\dist\out-tsc\src\main.js.map
C:\Users\WELCME\source\repos\TakForceInOperation\TakForceInOperation\dist\out-tsc\src\polyfills.js
C:\Users\WELCME\source\repos\TakForceInOperation\TakForceInOperation\dist\out-tsc\src\polyfills.js.map
C:\Users\WELCME\source\repos\TakForceInOperation\TakForceInOperation\dist\out-tsc\src\test.js
C:\Users\WELCME\source\repos\TakForceInOperation\TakForceInOperation\dist\out-tsc\src\test.js.map
C:\Users\WELCME\source\repos\TakForceInOperation\TakForceInOperation\dist\out-tsc\src\environments\environment.prod.js
C:\Users\WELCME\source\repos\TakForceInOperation\TakForceInOperation\dist\out-tsc\src\environments\environment.prod.js.map
C:\Users\WELCME\source\repos\TakForceInOperation\TakForceInOperation\dist\out-tsc\src\app\app.component.spec.js
C:\Users\WELCME\source\repos\TakForceInOperation\TakForceInOperation\dist\out-tsc\src\app\app.component.spec.js.map
C:\Users\WELCME\source\repos\TakForceInOperation\TakForceInOperation\dist\out-tsc\src\app\dashboard\dashboard.component.spec.js
C:\Users\WELCME\source\repos\TakForceInOperation\TakForceInOperation\dist\out-tsc\src\app\dashboard\dashboard.component.spec.js.map
C:\Users\WELCME\source\repos\TakForceInOperation\TakForceInOperation\dist\out-tsc\src\app\contact\contact.component.spec.js
C:\Users\WELCME\source\repos\TakForceInOperation\TakForceInOperation\dist\out-tsc\src\app\contact\contact.component.spec.js.map
C:\Users\WELCME\source\repos\TakForceInOperation\TakForceInOperation\dist\out-tsc\src\app\about\about.component.spec.js
C:\Users\WELCME\source\repos\TakForceInOperation\TakForceInOperation\dist\out-tsc\src\app\about\about.component.spec.js.map
C:\Users\WELCME\source\repos\TakForceInOperation\TakForceInOperation\dist\out-tsc\e2e\app.po.js
C:\Users\WELCME\source\repos\TakForceInOperation\TakForceInOperation\dist\out-tsc\e2e\app.po.js.map
C:\Users\WELCME\source\repos\TakForceInOperation\TakForceInOperation\dist\out-tsc\e2e\app.e2e-spec.js
C:\Users\WELCME\source\repos\TakForceInOperation\TakForceInOperation\dist\out-tsc\e2e\app.e2e-spec.js.map
